<?xml version="1.0" encoding="UTF-8"?>
<!-- Generated by org.testng.reporters.JUnitReportReporter -->
<testsuite hostname="DESKTOP-PULP5VS" failures="0" tests="18" name="testNGFlags.Flag7" time="0.070" errors="0" timestamp="2023-05-27T10:03:55 IST" skipped="0">
  <testcase classname="testNGFlags.Flag7" name="st2" time="0.005"/>
  <system-out>
    <![CDATA[STC2]]>
  </system-out>
  <testcase classname="testNGFlags.Flag7" name="ft3" time="0.003"/>
  <system-out>
    <![CDATA[FTC3]]>
  </system-out>
  <testcase classname="testNGFlags.Flag7" name="st5" time="0.003"/>
  <system-out>
    <![CDATA[STC5]]>
  </system-out>
  <testcase classname="testNGFlags.Flag7" name="ft5" time="0.003"/>
  <system-out>
    <![CDATA[FTC5]]>
  </system-out>
  <testcase classname="testNGFlags.Flag7" name="it5" time="0.003"/>
  <system-out>
    <![CDATA[ITC5]]>
  </system-out>
  <testcase classname="testNGFlags.Flag7" name="it3" time="0.003"/>
  <system-out>
    <![CDATA[ITC3]]>
  </system-out>
  <testcase classname="testNGFlags.Flag7" name="it6" time="0.002"/>
  <system-out>
    <![CDATA[ITC6]]>
  </system-out>
  <testcase classname="testNGFlags.Flag7" name="st4" time="0.001"/>
  <system-out>
    <![CDATA[STC4]]>
  </system-out>
  <testcase classname="testNGFlags.Flag7" name="st1" time="0.002"/>
  <system-out>
    <![CDATA[STC1]]>
  </system-out>
  <testcase classname="testNGFlags.Flag7" name="it2" time="0.003"/>
  <system-out>
    <![CDATA[ITC2]]>
  </system-out>
  <testcase classname="testNGFlags.Flag7" name="st6" time="0.001"/>
  <system-out>
    <![CDATA[STC6]]>
  </system-out>
  <testcase classname="testNGFlags.Flag7" name="st3" time="0.001"/>
  <system-out>
    <![CDATA[STC3]]>
  </system-out>
  <testcase classname="testNGFlags.Flag7" name="ft4" time="0.007"/>
  <system-out>
    <![CDATA[FTC4]]>
  </system-out>
  <testcase classname="testNGFlags.Flag7" name="it4" time="0.003"/>
  <system-out>
    <![CDATA[ITC4]]>
  </system-out>
  <testcase classname="testNGFlags.Flag7" name="ft2" time="0.004"/>
  <system-out>
    <![CDATA[FTC2]]>
  </system-out>
  <testcase classname="testNGFlags.Flag7" name="ft1" time="0.016"/>
  <system-out>
    <![CDATA[FTC1]]>
  </system-out>
  <testcase classname="testNGFlags.Flag7" name="ft6" time="0.005"/>
  <system-out>
    <![CDATA[FTC6]]>
  </system-out>
  <testcase classname="testNGFlags.Flag7" name="it1" time="0.005"/>
  <system-out>
    <![CDATA[ITC1]]>
  </system-out>
</testsuite> <!-- testNGFlags.Flag7 -->
